<?xml version="1.0" encoding="UTF-8"?>
<!-- Generated by org.testng.reporters.JUnitXMLReporter -->
<testsuite hostname="HP" ignored="0" name="TSR" tests="10" failures="1" timestamp="2021-01-04T12:41:14 IST" time="149.984" errors="0">
  <testcase name="click_On_HomeSection_And_TakeScreenshot" time="1.456" classname="com.grootan.qa.testcases.GrootanTest"/>
  <testcase name="click_On_ServicesSection_And_TakeScreenshot" time="1.085" classname="com.grootan.qa.testcases.GrootanTest"/>
  <testcase name="click_On_OpenSourceSection_And_TakeScreenshot" time="1.723" classname="com.grootan.qa.testcases.GrootanTest"/>
  <testcase name="click_On_BlogSection_And_TakeScreenshot" time="12.165" classname="com.grootan.qa.testcases.GrootanTest"/>
  <testcase name="click_On_TeamcSection_And_TakeScreenshot" time="0.882" classname="com.grootan.qa.testcases.GrootanTest"/>
  <testcase name="click_On_CareersSection_And_TakeScreenshot" time="1.431" classname="com.grootan.qa.testcases.GrootanTest"/>
  <testcase name="click_On_ContactUSSection_And_TakeScreenshot" time="1.472" classname="com.grootan.qa.testcases.GrootanTest"/>
  <testcase name="compareFolder1AndFolder2" time="0.003" classname="com.grootan.qa.testcases.GrootanTest"/>
  <testcase name="printJuniorEngineerNamesFromTeamcSectionInTOExcel" time="10.731" classname="com.grootan.qa.testcases.TeamSectionTest"/>
  <testcase name="compareHrAndCTO_CoFounderImages" time="3.486" classname="com.grootan.qa.testcases.TeamSectionTest">
    <failure type="java.lang.AssertionError" message="Images are not similar expected [false] but found [true]">
      <![CDATA[java.lang.AssertionError: Images are not similar expected [false] but found [true]
at com.grootan.qa.testcases.TeamSectionTest.compareHrAndCTO_CoFounderImages(TeamSectionTest.java:40)
at java.util.ArrayList.forEach(Unknown Source)
... Removed 30 stack frames]]>
    </failure>
  </testcase> <!-- compareHrAndCTO_CoFounderImages -->
</testsuite> <!-- TSR -->
